<?xml version="1.0" encoding="UTF-8"?>
<testng-results ignored="0" total="1" passed="1" failed="0" skipped="0">
  <reporter-output>
  </reporter-output>
  <suite started-at="2024-06-14T03:14:29 IST" name="Default suite" finished-at="2024-06-14T03:14:29 IST" duration-ms="41">
    <groups>
    </groups>
    <test started-at="2024-06-14T03:14:29 IST" name="Default test" finished-at="2024-06-14T03:14:29 IST" duration-ms="41">
      <class name="testng.Assert1">
        <test-method signature="nameCheck()[pri:0, instance:testng.Assert1@313ac989]" started-at="2024-06-14T03:14:29 IST" name="nameCheck" finished-at="2024-06-14T03:14:29 IST" duration-ms="12" status="PASS">
          <reporter-output>
          </reporter-output>
        </test-method> <!-- nameCheck -->
      </class> <!-- testng.Assert1 -->
    </test> <!-- Default test -->
  </suite> <!-- Default suite -->
</testng-results>
